2022-05-29 08:42:56,688:INFO:PyCaret Supervised Module
2022-05-29 08:42:56,688:INFO:ML Usecase: classification
2022-05-29 08:42:56,688:INFO:version 2.3.10
2022-05-29 08:42:56,688:INFO:Initializing setup()
2022-05-29 08:42:56,688:INFO:setup(target=y, ml_usecase=classification, available_plots={'parameter': 'Hyperparameters', 'auc': 'AUC', 'confusion_matrix': 'Confusion Matrix', 'threshold': 'Threshold', 'pr': 'Precision Recall', 'error': 'Prediction Error', 'class_report': 'Class Report', 'rfe': 'Feature Selection', 'learning': 'Learning Curve', 'manifold': 'Manifold Learning', 'calibration': 'Calibration Curve', 'vc': 'Validation Curve', 'dimension': 'Dimensions', 'feature': 'Feature Importance', 'feature_all': 'Feature Importance (All)', 'boundary': 'Decision Boundary', 'lift': 'Lift Chart', 'gain': 'Gain Chart', 'tree': 'Decision Tree', 'ks': 'KS Statistic Plot'}, train_size=0.7, test_data=None, preprocess=True, imputation_type=simple, iterative_imputation_iters=5, categorical_features=None, categorical_imputation=constant, categorical_iterative_imputer=lightgbm, ordinal_features=None, high_cardinality_features=None, high_cardinality_method=frequency, numeric_features=None, numeric_imputation=mean, numeric_iterative_imputer=lightgbm, date_features=None, ignore_features=None, normalize=False, normalize_method=zscore, transformation=False, transformation_method=yeo-johnson, handle_unknown_categorical=True, unknown_categorical_method=least_frequent, pca=False, pca_method=linear, pca_components=None, ignore_low_variance=False, combine_rare_levels=False, rare_level_threshold=0.1, bin_numeric_features=None, remove_outliers=False, outliers_threshold=0.05, remove_multicollinearity=False, multicollinearity_threshold=0.9, remove_perfect_collinearity=True, create_clusters=False, cluster_iter=20, polynomial_features=False, polynomial_degree=2, trigonometry_features=False, polynomial_threshold=0.1, group_features=None, group_names=None, feature_selection=False, feature_selection_threshold=0.8, feature_selection_method=classic, feature_interaction=False, feature_ratio=False, interaction_threshold=0.01, fix_imbalance=False, fix_imbalance_method=None, transform_target=False, transform_target_method=box-cox, data_split_shuffle=True, data_split_stratify=False, fold_strategy=stratifiedkfold, fold=10, fold_shuffle=False, fold_groups=None, n_jobs=-1, use_gpu=False, custom_pipeline=None, html=True, session_id=123, log_experiment=False, experiment_name=None, experiment_custom_tags=None, log_plots=False, log_profile=False, log_data=False, silent=False, verbose=True, profile=False, profile_kwargs=None, display=None)
2022-05-29 08:42:56,688:INFO:Checking environment
2022-05-29 08:42:56,688:INFO:python_version: 3.8.13
2022-05-29 08:42:56,688:INFO:python_build: ('default', 'Mar 28 2022 11:38:47')
2022-05-29 08:42:56,689:INFO:machine: x86_64
2022-05-29 08:42:56,689:INFO:platform: Linux-5.17.5-76051705-generic-x86_64-with-glibc2.17
2022-05-29 08:42:56,689:INFO:Memory: svmem(total=12282118144, available=7319126016, percent=40.4, used=3548459008, free=4261154816, active=1332707328, inactive=5740376064, buffers=226906112, cached=4245598208, shared=1117581312, slab=342568960)
2022-05-29 08:42:56,689:INFO:Physical Core: 4
2022-05-29 08:42:56,689:INFO:Logical Core: 8
2022-05-29 08:42:56,689:INFO:Checking libraries
2022-05-29 08:42:56,689:INFO:pd==1.4.2
2022-05-29 08:42:56,689:INFO:numpy==1.20.3
2022-05-29 08:42:56,689:INFO:sklearn==0.23.2
2022-05-29 08:42:56,690:INFO:lightgbm==3.3.2
2022-05-29 08:42:57,034:INFO:catboost==1.0.5
2022-05-29 08:42:57,034:INFO:xgboost==1.5.2
2022-05-29 08:42:57,034:INFO:mlflow==1.25.1
2022-05-29 08:42:57,034:INFO:Checking Exceptions
2022-05-29 08:42:57,034:INFO:Declaring global variables
2022-05-29 08:42:57,035:INFO:USI: 026e
2022-05-29 08:42:57,035:INFO:pycaret_globals: {'_gpu_n_jobs_param', 'fix_imbalance_param', 'pycaret_globals', 'y_train', 'prep_pipe', 'master_model_container', '_all_models', 'imputation_classifier', 'fold_groups_param', 'iterative_imputation_iters_param', 'fold_shuffle_param', 'X_train', 'transform_target_param', 'seed', 'imputation_regressor', 'stratify_param', '_all_models_internal', 'target_param', 'gpu_param', 'experiment__', 'log_plots_param', 'USI', 'html_param', 'create_model_container', 'display_container', '_ml_usecase', 'y_test', 'dashboard_logger', 'logging_param', 'exp_name_log', 'fix_imbalance_method_param', 'X_test', '_internal_pipeline', 'n_jobs_param', 'X', 'transform_target_method_param', 'fold_groups_param_full', 'fold_param', 'data_before_preprocess', '_all_metrics', '_available_plots', 'fold_generator', 'y'}
2022-05-29 08:42:57,035:INFO:Preparing display monitor
2022-05-29 08:42:57,035:INFO:Preparing display monitor
2022-05-29 08:42:57,047:INFO:Importing libraries
2022-05-29 08:42:57,047:INFO:Copying data for preprocessing
2022-05-29 08:42:57,057:INFO:Declaring preprocessing parameters
2022-05-29 08:42:57,063:INFO:Creating preprocessing pipeline
2022-05-29 08:42:57,122:INFO:Preprocessing pipeline created successfully
2022-05-29 08:42:57,122:ERROR:(Process Exit): setup has been interupted with user command 'quit'. setup must rerun.
2022-05-29 08:42:57,122:INFO:Creating global containers
2022-05-29 08:42:57,124:INFO:Internal pipeline: Pipeline(memory=None, steps=[('empty_step', 'passthrough')], verbose=False)
2022-05-29 08:43:00,387:INFO:Creating grid variables
2022-05-29 08:43:00,407:INFO:create_model_container: 0
2022-05-29 08:43:00,408:INFO:master_model_container: 0
2022-05-29 08:43:00,408:INFO:display_container: 1
2022-05-29 08:43:00,414:INFO:Pipeline(memory=None,
         steps=[('dtypes',
                 DataTypes_Auto_infer(categorical_features=[],
                                      display_types=True, features_todrop=[],
                                      id_columns=[],
                                      ml_usecase='classification',
                                      numerical_features=[], target='y',
                                      time_features=[])),
                ('imputer',
                 Simple_Imputer(categorical_strategy='not_available',
                                fill_value_categorical=None,
                                fill_value_numerical=None,
                                numeric_strategy='...
                ('scaling', 'passthrough'), ('P_transform', 'passthrough'),
                ('binn', 'passthrough'), ('rem_outliers', 'passthrough'),
                ('cluster_all', 'passthrough'), ('dummy', Dummify(target='y')),
                ('fix_perfect', Remove_100(target='y')),
                ('clean_names', Clean_Colum_Names()),
                ('feature_select', 'passthrough'), ('fix_multi', 'passthrough'),
                ('dfs', 'passthrough'), ('pca', 'passthrough')],
         verbose=False)
2022-05-29 08:43:00,414:INFO:setup() succesfully completed......................................
2022-05-29 08:43:18,060:INFO:Initializing compare_models()
2022-05-29 08:43:18,062:INFO:compare_models(include=None, fold=None, round=4, cross_validation=True, sort=Accuracy, n_select=1, budget_time=None, turbo=True, errors=ignore, fit_kwargs=None, groups=None, experiment_custom_tags=None, probability_threshold=None, verbose=True, display=None, exclude=None)
2022-05-29 08:43:18,062:INFO:Checking exceptions
2022-05-29 08:43:18,067:INFO:Preparing display monitor
2022-05-29 08:43:18,068:INFO:Preparing display monitor
2022-05-29 08:43:18,106:INFO:Initializing Logistic Regression
2022-05-29 08:43:18,106:INFO:Total runtime is 8.058547973632812e-06 minutes
2022-05-29 08:43:18,123:INFO:SubProcess create_model() called ==================================
2022-05-29 08:43:18,123:INFO:Initializing create_model()
2022-05-29 08:43:18,123:INFO:create_model(estimator=lr, fold=StratifiedKFold(n_splits=10, random_state=None, shuffle=False), round=4, cross_validation=True, predict=True, fit_kwargs={}, groups=None, refit=False, verbose=False, system=False, metrics=None, experiment_custom_tags=None, add_to_model_list=True, probability_threshold=None, display=<pycaret.internal.Display.Display object at 0x7f8170223fd0>, return_train_score=False, kwargs={})
2022-05-29 08:43:18,126:INFO:Checking exceptions
2022-05-29 08:43:18,126:INFO:Importing libraries
2022-05-29 08:43:18,126:INFO:Copying training dataset
2022-05-29 08:43:18,128:INFO:Defining folds
2022-05-29 08:43:18,128:INFO:Declaring metric variables
2022-05-29 08:43:18,140:INFO:Importing untrained model
2022-05-29 08:43:18,150:INFO:Logistic Regression Imported succesfully
2022-05-29 08:43:18,173:INFO:Starting cross validation
2022-05-29 08:43:18,174:INFO:Cross validating with StratifiedKFold(n_splits=10, random_state=None, shuffle=False), n_jobs=-1
2022-05-29 08:44:54,708:INFO:Calculating mean and std
2022-05-29 08:44:54,709:INFO:Creating metrics dataframe
2022-05-29 08:44:54,739:INFO:Uploading results into container
2022-05-29 08:44:54,739:INFO:Uploading model into container now
2022-05-29 08:44:54,739:INFO:create_model_container: 1
2022-05-29 08:44:54,739:INFO:master_model_container: 1
2022-05-29 08:44:54,739:INFO:display_container: 2
2022-05-29 08:44:54,740:INFO:LogisticRegression(C=1.0, class_weight=None, dual=False, fit_intercept=True,
                   intercept_scaling=1, l1_ratio=None, max_iter=1000,
                   multi_class='auto', n_jobs=None, penalty='l2',
                   random_state=123, solver='lbfgs', tol=0.0001, verbose=0,
                   warm_start=False)
2022-05-29 08:44:54,740:INFO:create_model() succesfully completed......................................
2022-05-29 08:44:54,870:INFO:SubProcess create_model() end ==================================
2022-05-29 08:44:54,870:INFO:Creating metrics dataframe
2022-05-29 08:44:54,898:INFO:Initializing K Neighbors Classifier
2022-05-29 08:44:54,898:INFO:Total runtime is 1.613207173347473 minutes
2022-05-29 08:44:54,907:INFO:SubProcess create_model() called ==================================
2022-05-29 08:44:54,908:INFO:Initializing create_model()
2022-05-29 08:44:54,908:INFO:create_model(estimator=knn, fold=StratifiedKFold(n_splits=10, random_state=None, shuffle=False), round=4, cross_validation=True, predict=True, fit_kwargs={}, groups=None, refit=False, verbose=False, system=False, metrics=None, experiment_custom_tags=None, add_to_model_list=True, probability_threshold=None, display=<pycaret.internal.Display.Display object at 0x7f8170223fd0>, return_train_score=False, kwargs={})
2022-05-29 08:44:54,908:INFO:Checking exceptions
2022-05-29 08:44:54,908:INFO:Importing libraries
2022-05-29 08:44:54,908:INFO:Copying training dataset
2022-05-29 08:44:54,910:INFO:Defining folds
2022-05-29 08:44:54,911:INFO:Declaring metric variables
2022-05-29 08:44:54,923:INFO:Importing untrained model
2022-05-29 08:44:54,935:INFO:K Neighbors Classifier Imported succesfully
2022-05-29 08:44:54,951:INFO:Starting cross validation
2022-05-29 08:44:54,952:INFO:Cross validating with StratifiedKFold(n_splits=10, random_state=None, shuffle=False), n_jobs=-1
2022-05-29 08:44:57,324:INFO:Calculating mean and std
2022-05-29 08:44:57,327:INFO:Creating metrics dataframe
2022-05-29 08:44:57,378:INFO:Uploading results into container
2022-05-29 08:44:57,378:INFO:Uploading model into container now
2022-05-29 08:44:57,379:INFO:create_model_container: 2
2022-05-29 08:44:57,379:INFO:master_model_container: 2
2022-05-29 08:44:57,379:INFO:display_container: 2
2022-05-29 08:44:57,380:INFO:KNeighborsClassifier(algorithm='auto', leaf_size=30, metric='minkowski',
                     metric_params=None, n_jobs=-1, n_neighbors=5, p=2,
                     weights='uniform')
2022-05-29 08:44:57,380:INFO:create_model() succesfully completed......................................
2022-05-29 08:44:57,520:INFO:SubProcess create_model() end ==================================
2022-05-29 08:44:57,520:INFO:Creating metrics dataframe
2022-05-29 08:44:57,551:INFO:Initializing Naive Bayes
2022-05-29 08:44:57,551:INFO:Total runtime is 1.65742480357488 minutes
2022-05-29 08:44:57,560:INFO:SubProcess create_model() called ==================================
2022-05-29 08:44:57,560:INFO:Initializing create_model()
2022-05-29 08:44:57,561:INFO:create_model(estimator=nb, fold=StratifiedKFold(n_splits=10, random_state=None, shuffle=False), round=4, cross_validation=True, predict=True, fit_kwargs={}, groups=None, refit=False, verbose=False, system=False, metrics=None, experiment_custom_tags=None, add_to_model_list=True, probability_threshold=None, display=<pycaret.internal.Display.Display object at 0x7f8170223fd0>, return_train_score=False, kwargs={})
2022-05-29 08:44:57,561:INFO:Checking exceptions
2022-05-29 08:44:57,561:INFO:Importing libraries
2022-05-29 08:44:57,561:INFO:Copying training dataset
2022-05-29 08:44:57,562:INFO:Defining folds
2022-05-29 08:44:57,562:INFO:Declaring metric variables
2022-05-29 08:44:57,570:INFO:Importing untrained model
2022-05-29 08:44:57,578:INFO:Naive Bayes Imported succesfully
2022-05-29 08:44:57,595:INFO:Starting cross validation
2022-05-29 08:44:57,596:INFO:Cross validating with StratifiedKFold(n_splits=10, random_state=None, shuffle=False), n_jobs=-1
2022-05-29 08:44:57,940:INFO:Calculating mean and std
2022-05-29 08:44:57,944:INFO:Creating metrics dataframe
2022-05-29 08:44:57,996:INFO:Uploading results into container
2022-05-29 08:44:57,996:INFO:Uploading model into container now
2022-05-29 08:44:57,996:INFO:create_model_container: 3
2022-05-29 08:44:57,996:INFO:master_model_container: 3
2022-05-29 08:44:57,996:INFO:display_container: 2
2022-05-29 08:44:57,997:INFO:GaussianNB(priors=None, var_smoothing=1e-09)
2022-05-29 08:44:57,997:INFO:create_model() succesfully completed......................................
2022-05-29 08:44:58,123:INFO:SubProcess create_model() end ==================================
2022-05-29 08:44:58,123:INFO:Creating metrics dataframe
2022-05-29 08:44:58,156:INFO:Initializing Decision Tree Classifier
2022-05-29 08:44:58,156:INFO:Total runtime is 1.6675116101900738 minutes
2022-05-29 08:44:58,165:INFO:SubProcess create_model() called ==================================
2022-05-29 08:44:58,166:INFO:Initializing create_model()
2022-05-29 08:44:58,166:INFO:create_model(estimator=dt, fold=StratifiedKFold(n_splits=10, random_state=None, shuffle=False), round=4, cross_validation=True, predict=True, fit_kwargs={}, groups=None, refit=False, verbose=False, system=False, metrics=None, experiment_custom_tags=None, add_to_model_list=True, probability_threshold=None, display=<pycaret.internal.Display.Display object at 0x7f8170223fd0>, return_train_score=False, kwargs={})
2022-05-29 08:44:58,166:INFO:Checking exceptions
2022-05-29 08:44:58,166:INFO:Importing libraries
2022-05-29 08:44:58,166:INFO:Copying training dataset
2022-05-29 08:44:58,167:INFO:Defining folds
2022-05-29 08:44:58,168:INFO:Declaring metric variables
2022-05-29 08:44:58,176:INFO:Importing untrained model
2022-05-29 08:44:58,185:INFO:Decision Tree Classifier Imported succesfully
2022-05-29 08:44:58,203:INFO:Starting cross validation
2022-05-29 08:44:58,204:INFO:Cross validating with StratifiedKFold(n_splits=10, random_state=None, shuffle=False), n_jobs=-1
2022-05-29 08:44:59,803:INFO:Calculating mean and std
2022-05-29 08:44:59,806:INFO:Creating metrics dataframe
2022-05-29 08:44:59,828:INFO:Uploading results into container
2022-05-29 08:44:59,829:INFO:Uploading model into container now
2022-05-29 08:44:59,829:INFO:create_model_container: 4
2022-05-29 08:44:59,829:INFO:master_model_container: 4
2022-05-29 08:44:59,829:INFO:display_container: 2
2022-05-29 08:44:59,829:INFO:DecisionTreeClassifier(ccp_alpha=0.0, class_weight=None, criterion='gini',
                       max_depth=None, max_features=None, max_leaf_nodes=None,
                       min_impurity_decrease=0.0, min_impurity_split=None,
                       min_samples_leaf=1, min_samples_split=2,
                       min_weight_fraction_leaf=0.0, presort='deprecated',
                       random_state=123, splitter='best')
2022-05-29 08:44:59,829:INFO:create_model() succesfully completed......................................
2022-05-29 08:44:59,947:INFO:SubProcess create_model() end ==================================
2022-05-29 08:44:59,947:INFO:Creating metrics dataframe
2022-05-29 08:44:59,979:INFO:Initializing SVM - Linear Kernel
2022-05-29 08:44:59,979:INFO:Total runtime is 1.6978921175003052 minutes
2022-05-29 08:44:59,988:INFO:SubProcess create_model() called ==================================
2022-05-29 08:44:59,988:INFO:Initializing create_model()
2022-05-29 08:44:59,988:INFO:create_model(estimator=svm, fold=StratifiedKFold(n_splits=10, random_state=None, shuffle=False), round=4, cross_validation=True, predict=True, fit_kwargs={}, groups=None, refit=False, verbose=False, system=False, metrics=None, experiment_custom_tags=None, add_to_model_list=True, probability_threshold=None, display=<pycaret.internal.Display.Display object at 0x7f8170223fd0>, return_train_score=False, kwargs={})
2022-05-29 08:44:59,988:INFO:Checking exceptions
2022-05-29 08:44:59,989:INFO:Importing libraries
2022-05-29 08:44:59,989:INFO:Copying training dataset
2022-05-29 08:44:59,990:INFO:Defining folds
2022-05-29 08:44:59,990:INFO:Declaring metric variables
2022-05-29 08:44:59,998:INFO:Importing untrained model
2022-05-29 08:45:00,008:INFO:SVM - Linear Kernel Imported succesfully
2022-05-29 08:45:00,029:INFO:Starting cross validation
2022-05-29 08:45:00,029:INFO:Cross validating with StratifiedKFold(n_splits=10, random_state=None, shuffle=False), n_jobs=-1
2022-05-29 08:45:19,073:INFO:Calculating mean and std
2022-05-29 08:45:19,077:INFO:Creating metrics dataframe
2022-05-29 08:45:19,122:INFO:Uploading results into container
2022-05-29 08:45:19,122:INFO:Uploading model into container now
2022-05-29 08:45:19,122:INFO:create_model_container: 5
2022-05-29 08:45:19,122:INFO:master_model_container: 5
2022-05-29 08:45:19,122:INFO:display_container: 2
2022-05-29 08:45:19,124:INFO:SGDClassifier(alpha=0.0001, average=False, class_weight=None,
              early_stopping=False, epsilon=0.1, eta0=0.001, fit_intercept=True,
              l1_ratio=0.15, learning_rate='optimal', loss='hinge',
              max_iter=1000, n_iter_no_change=5, n_jobs=-1, penalty='l2',
              power_t=0.5, random_state=123, shuffle=True, tol=0.001,
              validation_fraction=0.1, verbose=0, warm_start=False)
2022-05-29 08:45:19,124:INFO:create_model() succesfully completed......................................
2022-05-29 08:45:19,251:INFO:SubProcess create_model() end ==================================
2022-05-29 08:45:19,251:INFO:Creating metrics dataframe
2022-05-29 08:45:19,283:INFO:Initializing Ridge Classifier
2022-05-29 08:45:19,283:INFO:Total runtime is 2.019625488917033 minutes
2022-05-29 08:45:19,292:INFO:SubProcess create_model() called ==================================
2022-05-29 08:45:19,292:INFO:Initializing create_model()
2022-05-29 08:45:19,292:INFO:create_model(estimator=ridge, fold=StratifiedKFold(n_splits=10, random_state=None, shuffle=False), round=4, cross_validation=True, predict=True, fit_kwargs={}, groups=None, refit=False, verbose=False, system=False, metrics=None, experiment_custom_tags=None, add_to_model_list=True, probability_threshold=None, display=<pycaret.internal.Display.Display object at 0x7f8170223fd0>, return_train_score=False, kwargs={})
2022-05-29 08:45:19,292:INFO:Checking exceptions
2022-05-29 08:45:19,292:INFO:Importing libraries
2022-05-29 08:45:19,293:INFO:Copying training dataset
2022-05-29 08:45:19,294:INFO:Defining folds
2022-05-29 08:45:19,294:INFO:Declaring metric variables
2022-05-29 08:45:19,301:INFO:Importing untrained model
2022-05-29 08:45:19,310:INFO:Ridge Classifier Imported succesfully
2022-05-29 08:45:19,327:INFO:Starting cross validation
2022-05-29 08:45:19,328:INFO:Cross validating with StratifiedKFold(n_splits=10, random_state=None, shuffle=False), n_jobs=-1
2022-05-29 08:45:19,622:INFO:Calculating mean and std
2022-05-29 08:45:19,625:INFO:Creating metrics dataframe
2022-05-29 08:45:19,676:INFO:Uploading results into container
2022-05-29 08:45:19,676:INFO:Uploading model into container now
2022-05-29 08:45:19,676:INFO:create_model_container: 6
2022-05-29 08:45:19,677:INFO:master_model_container: 6
2022-05-29 08:45:19,677:INFO:display_container: 2
2022-05-29 08:45:19,678:INFO:RidgeClassifier(alpha=1.0, class_weight=None, copy_X=True, fit_intercept=True,
                max_iter=None, normalize=False, random_state=123, solver='auto',
                tol=0.001)
2022-05-29 08:45:19,678:INFO:create_model() succesfully completed......................................
2022-05-29 08:45:19,802:INFO:SubProcess create_model() end ==================================
2022-05-29 08:45:19,803:INFO:Creating metrics dataframe
2022-05-29 08:45:19,836:INFO:Initializing Random Forest Classifier
2022-05-29 08:45:19,836:INFO:Total runtime is 2.0288361549377445 minutes
2022-05-29 08:45:19,845:INFO:SubProcess create_model() called ==================================
2022-05-29 08:45:19,845:INFO:Initializing create_model()
2022-05-29 08:45:19,846:INFO:create_model(estimator=rf, fold=StratifiedKFold(n_splits=10, random_state=None, shuffle=False), round=4, cross_validation=True, predict=True, fit_kwargs={}, groups=None, refit=False, verbose=False, system=False, metrics=None, experiment_custom_tags=None, add_to_model_list=True, probability_threshold=None, display=<pycaret.internal.Display.Display object at 0x7f8170223fd0>, return_train_score=False, kwargs={})
2022-05-29 08:45:19,846:INFO:Checking exceptions
2022-05-29 08:45:19,846:INFO:Importing libraries
2022-05-29 08:45:19,846:INFO:Copying training dataset
2022-05-29 08:45:19,847:INFO:Defining folds
2022-05-29 08:45:19,847:INFO:Declaring metric variables
2022-05-29 08:45:19,856:INFO:Importing untrained model
2022-05-29 08:45:19,865:INFO:Random Forest Classifier Imported succesfully
2022-05-29 08:45:19,885:INFO:Starting cross validation
2022-05-29 08:45:19,886:INFO:Cross validating with StratifiedKFold(n_splits=10, random_state=None, shuffle=False), n_jobs=-1
2022-05-29 08:45:55,984:INFO:Calculating mean and std
2022-05-29 08:45:55,988:INFO:Creating metrics dataframe
2022-05-29 08:45:56,045:INFO:Uploading results into container
2022-05-29 08:45:56,045:INFO:Uploading model into container now
2022-05-29 08:45:56,046:INFO:create_model_container: 7
2022-05-29 08:45:56,046:INFO:master_model_container: 7
2022-05-29 08:45:56,047:INFO:display_container: 2
2022-05-29 08:45:56,048:INFO:RandomForestClassifier(bootstrap=True, ccp_alpha=0.0, class_weight=None,
                       criterion='gini', max_depth=None, max_features='auto',
                       max_leaf_nodes=None, max_samples=None,
                       min_impurity_decrease=0.0, min_impurity_split=None,
                       min_samples_leaf=1, min_samples_split=2,
                       min_weight_fraction_leaf=0.0, n_estimators=100,
                       n_jobs=-1, oob_score=False, random_state=123, verbose=0,
                       warm_start=False)
2022-05-29 08:45:56,048:INFO:create_model() succesfully completed......................................
2022-05-29 08:45:56,228:INFO:SubProcess create_model() end ==================================
2022-05-29 08:45:56,228:INFO:Creating metrics dataframe
2022-05-29 08:45:56,263:INFO:Initializing Quadratic Discriminant Analysis
2022-05-29 08:45:56,264:INFO:Total runtime is 2.6359643538792934 minutes
2022-05-29 08:45:56,273:INFO:SubProcess create_model() called ==================================
2022-05-29 08:45:56,273:INFO:Initializing create_model()
2022-05-29 08:45:56,273:INFO:create_model(estimator=qda, fold=StratifiedKFold(n_splits=10, random_state=None, shuffle=False), round=4, cross_validation=True, predict=True, fit_kwargs={}, groups=None, refit=False, verbose=False, system=False, metrics=None, experiment_custom_tags=None, add_to_model_list=True, probability_threshold=None, display=<pycaret.internal.Display.Display object at 0x7f8170223fd0>, return_train_score=False, kwargs={})
2022-05-29 08:45:56,273:INFO:Checking exceptions
2022-05-29 08:45:56,273:INFO:Importing libraries
2022-05-29 08:45:56,274:INFO:Copying training dataset
2022-05-29 08:45:56,275:INFO:Defining folds
2022-05-29 08:45:56,275:INFO:Declaring metric variables
2022-05-29 08:45:56,284:INFO:Importing untrained model
2022-05-29 08:45:56,295:INFO:Quadratic Discriminant Analysis Imported succesfully
2022-05-29 08:45:56,316:INFO:Starting cross validation
2022-05-29 08:45:56,317:INFO:Cross validating with StratifiedKFold(n_splits=10, random_state=None, shuffle=False), n_jobs=-1
2022-05-29 08:45:56,727:INFO:Calculating mean and std
2022-05-29 08:45:56,731:INFO:Creating metrics dataframe
2022-05-29 08:45:56,789:INFO:Uploading results into container
2022-05-29 08:45:56,790:INFO:Uploading model into container now
2022-05-29 08:45:56,790:INFO:create_model_container: 8
2022-05-29 08:45:56,790:INFO:master_model_container: 8
2022-05-29 08:45:56,791:INFO:display_container: 2
2022-05-29 08:45:56,792:INFO:QuadraticDiscriminantAnalysis(priors=None, reg_param=0.0,
                              store_covariance=False, tol=0.0001)
2022-05-29 08:45:56,792:INFO:create_model() succesfully completed......................................
2022-05-29 08:45:56,939:INFO:SubProcess create_model() end ==================================
2022-05-29 08:45:56,939:INFO:Creating metrics dataframe
2022-05-29 08:45:56,975:INFO:Initializing Ada Boost Classifier
2022-05-29 08:45:56,975:INFO:Total runtime is 2.6478280266126 minutes
2022-05-29 08:45:56,984:INFO:SubProcess create_model() called ==================================
2022-05-29 08:45:56,985:INFO:Initializing create_model()
2022-05-29 08:45:56,985:INFO:create_model(estimator=ada, fold=StratifiedKFold(n_splits=10, random_state=None, shuffle=False), round=4, cross_validation=True, predict=True, fit_kwargs={}, groups=None, refit=False, verbose=False, system=False, metrics=None, experiment_custom_tags=None, add_to_model_list=True, probability_threshold=None, display=<pycaret.internal.Display.Display object at 0x7f8170223fd0>, return_train_score=False, kwargs={})
2022-05-29 08:45:56,985:INFO:Checking exceptions
2022-05-29 08:45:56,985:INFO:Importing libraries
2022-05-29 08:45:56,985:INFO:Copying training dataset
2022-05-29 08:45:56,986:INFO:Defining folds
2022-05-29 08:45:56,986:INFO:Declaring metric variables
2022-05-29 08:45:56,995:INFO:Importing untrained model
2022-05-29 08:45:57,013:INFO:Ada Boost Classifier Imported succesfully
2022-05-29 08:45:57,038:INFO:Starting cross validation
2022-05-29 08:45:57,039:INFO:Cross validating with StratifiedKFold(n_splits=10, random_state=None, shuffle=False), n_jobs=-1
2022-05-29 08:46:07,185:INFO:Calculating mean and std
2022-05-29 08:46:07,188:INFO:Creating metrics dataframe
2022-05-29 08:46:07,210:INFO:Uploading results into container
2022-05-29 08:46:07,210:INFO:Uploading model into container now
2022-05-29 08:46:07,210:INFO:create_model_container: 9
2022-05-29 08:46:07,210:INFO:master_model_container: 9
2022-05-29 08:46:07,210:INFO:display_container: 2
2022-05-29 08:46:07,211:INFO:AdaBoostClassifier(algorithm='SAMME.R', base_estimator=None, learning_rate=1.0,
                   n_estimators=50, random_state=123)
2022-05-29 08:46:07,211:INFO:create_model() succesfully completed......................................
2022-05-29 08:46:07,327:INFO:SubProcess create_model() end ==================================
2022-05-29 08:46:07,327:INFO:Creating metrics dataframe
2022-05-29 08:46:07,359:INFO:Initializing Gradient Boosting Classifier
2022-05-29 08:46:07,359:INFO:Total runtime is 2.820882689952851 minutes
2022-05-29 08:46:07,369:INFO:SubProcess create_model() called ==================================
2022-05-29 08:46:07,369:INFO:Initializing create_model()
2022-05-29 08:46:07,370:INFO:create_model(estimator=gbc, fold=StratifiedKFold(n_splits=10, random_state=None, shuffle=False), round=4, cross_validation=True, predict=True, fit_kwargs={}, groups=None, refit=False, verbose=False, system=False, metrics=None, experiment_custom_tags=None, add_to_model_list=True, probability_threshold=None, display=<pycaret.internal.Display.Display object at 0x7f8170223fd0>, return_train_score=False, kwargs={})
2022-05-29 08:46:07,370:INFO:Checking exceptions
2022-05-29 08:46:07,370:INFO:Importing libraries
2022-05-29 08:46:07,370:INFO:Copying training dataset
2022-05-29 08:46:07,371:INFO:Defining folds
2022-05-29 08:46:07,372:INFO:Declaring metric variables
2022-05-29 08:46:07,383:INFO:Importing untrained model
2022-05-29 08:46:07,395:INFO:Gradient Boosting Classifier Imported succesfully
2022-05-29 08:46:07,414:INFO:Starting cross validation
2022-05-29 08:46:07,414:INFO:Cross validating with StratifiedKFold(n_splits=10, random_state=None, shuffle=False), n_jobs=-1
2022-05-29 08:52:41,907:INFO:Calculating mean and std
2022-05-29 08:52:41,910:INFO:Creating metrics dataframe
2022-05-29 08:52:41,930:INFO:Uploading results into container
2022-05-29 08:52:41,930:INFO:Uploading model into container now
2022-05-29 08:52:41,930:INFO:create_model_container: 10
2022-05-29 08:52:41,930:INFO:master_model_container: 10
2022-05-29 08:52:41,930:INFO:display_container: 2
2022-05-29 08:52:41,931:INFO:GradientBoostingClassifier(ccp_alpha=0.0, criterion='friedman_mse', init=None,
                           learning_rate=0.1, loss='deviance', max_depth=3,
                           max_features=None, max_leaf_nodes=None,
                           min_impurity_decrease=0.0, min_impurity_split=None,
                           min_samples_leaf=1, min_samples_split=2,
                           min_weight_fraction_leaf=0.0, n_estimators=100,
                           n_iter_no_change=None, presort='deprecated',
                           random_state=123, subsample=1.0, tol=0.0001,
                           validation_fraction=0.1, verbose=0,
                           warm_start=False)
2022-05-29 08:52:41,931:INFO:create_model() succesfully completed......................................
2022-05-29 08:52:42,046:INFO:SubProcess create_model() end ==================================
2022-05-29 08:52:42,046:INFO:Creating metrics dataframe
2022-05-29 08:52:42,077:INFO:Initializing Linear Discriminant Analysis
2022-05-29 08:52:42,077:INFO:Total runtime is 9.399519089857737 minutes
2022-05-29 08:52:42,085:INFO:SubProcess create_model() called ==================================
2022-05-29 08:52:42,086:INFO:Initializing create_model()
2022-05-29 08:52:42,086:INFO:create_model(estimator=lda, fold=StratifiedKFold(n_splits=10, random_state=None, shuffle=False), round=4, cross_validation=True, predict=True, fit_kwargs={}, groups=None, refit=False, verbose=False, system=False, metrics=None, experiment_custom_tags=None, add_to_model_list=True, probability_threshold=None, display=<pycaret.internal.Display.Display object at 0x7f8170223fd0>, return_train_score=False, kwargs={})
2022-05-29 08:52:42,086:INFO:Checking exceptions
2022-05-29 08:52:42,086:INFO:Importing libraries
2022-05-29 08:52:42,086:INFO:Copying training dataset
2022-05-29 08:52:42,087:INFO:Defining folds
2022-05-29 08:52:42,087:INFO:Declaring metric variables
2022-05-29 08:52:42,096:INFO:Importing untrained model
2022-05-29 08:52:42,104:INFO:Linear Discriminant Analysis Imported succesfully
2022-05-29 08:52:42,123:INFO:Starting cross validation
2022-05-29 08:52:42,124:INFO:Cross validating with StratifiedKFold(n_splits=10, random_state=None, shuffle=False), n_jobs=-1
2022-05-29 08:52:42,644:INFO:Calculating mean and std
2022-05-29 08:52:42,646:INFO:Creating metrics dataframe
2022-05-29 08:52:42,694:INFO:Uploading results into container
2022-05-29 08:52:42,694:INFO:Uploading model into container now
2022-05-29 08:52:42,694:INFO:create_model_container: 11
2022-05-29 08:52:42,694:INFO:master_model_container: 11
2022-05-29 08:52:42,694:INFO:display_container: 2
2022-05-29 08:52:42,695:INFO:LinearDiscriminantAnalysis(n_components=None, priors=None, shrinkage=None,
                           solver='svd', store_covariance=False, tol=0.0001)
2022-05-29 08:52:42,696:INFO:create_model() succesfully completed......................................
2022-05-29 08:52:42,836:INFO:SubProcess create_model() end ==================================
2022-05-29 08:52:42,836:INFO:Creating metrics dataframe
2022-05-29 08:52:42,871:INFO:Initializing Extra Trees Classifier
2022-05-29 08:52:42,871:INFO:Total runtime is 9.412758767604828 minutes
2022-05-29 08:52:42,880:INFO:SubProcess create_model() called ==================================
2022-05-29 08:52:42,880:INFO:Initializing create_model()
2022-05-29 08:52:42,880:INFO:create_model(estimator=et, fold=StratifiedKFold(n_splits=10, random_state=None, shuffle=False), round=4, cross_validation=True, predict=True, fit_kwargs={}, groups=None, refit=False, verbose=False, system=False, metrics=None, experiment_custom_tags=None, add_to_model_list=True, probability_threshold=None, display=<pycaret.internal.Display.Display object at 0x7f8170223fd0>, return_train_score=False, kwargs={})
2022-05-29 08:52:42,880:INFO:Checking exceptions
2022-05-29 08:52:42,880:INFO:Importing libraries
2022-05-29 08:52:42,880:INFO:Copying training dataset
2022-05-29 08:52:42,881:INFO:Defining folds
2022-05-29 08:52:42,882:INFO:Declaring metric variables
2022-05-29 08:52:42,890:INFO:Importing untrained model
2022-05-29 08:52:42,899:INFO:Extra Trees Classifier Imported succesfully
2022-05-29 08:52:42,923:INFO:Starting cross validation
2022-05-29 08:52:42,924:INFO:Cross validating with StratifiedKFold(n_splits=10, random_state=None, shuffle=False), n_jobs=-1
2022-05-29 08:52:53,227:INFO:Calculating mean and std
2022-05-29 08:52:53,230:INFO:Creating metrics dataframe
2022-05-29 08:52:53,280:INFO:Uploading results into container
2022-05-29 08:52:53,280:INFO:Uploading model into container now
2022-05-29 08:52:53,280:INFO:create_model_container: 12
2022-05-29 08:52:53,280:INFO:master_model_container: 12
2022-05-29 08:52:53,280:INFO:display_container: 2
2022-05-29 08:52:53,282:INFO:ExtraTreesClassifier(bootstrap=False, ccp_alpha=0.0, class_weight=None,
                     criterion='gini', max_depth=None, max_features='auto',
                     max_leaf_nodes=None, max_samples=None,
                     min_impurity_decrease=0.0, min_impurity_split=None,
                     min_samples_leaf=1, min_samples_split=2,
                     min_weight_fraction_leaf=0.0, n_estimators=100, n_jobs=-1,
                     oob_score=False, random_state=123, verbose=0,
                     warm_start=False)
2022-05-29 08:52:53,282:INFO:create_model() succesfully completed......................................
2022-05-29 08:52:53,439:INFO:SubProcess create_model() end ==================================
2022-05-29 08:52:53,439:INFO:Creating metrics dataframe
2022-05-29 08:52:53,470:INFO:Initializing Extreme Gradient Boosting
2022-05-29 08:52:53,471:INFO:Total runtime is 9.58941337664922 minutes
2022-05-29 08:52:53,480:INFO:SubProcess create_model() called ==================================
2022-05-29 08:52:53,481:INFO:Initializing create_model()
2022-05-29 08:52:53,481:INFO:create_model(estimator=xgboost, fold=StratifiedKFold(n_splits=10, random_state=None, shuffle=False), round=4, cross_validation=True, predict=True, fit_kwargs={}, groups=None, refit=False, verbose=False, system=False, metrics=None, experiment_custom_tags=None, add_to_model_list=True, probability_threshold=None, display=<pycaret.internal.Display.Display object at 0x7f8170223fd0>, return_train_score=False, kwargs={})
2022-05-29 08:52:53,481:INFO:Checking exceptions
2022-05-29 08:52:53,481:INFO:Importing libraries
2022-05-29 08:52:53,481:INFO:Copying training dataset
2022-05-29 08:52:53,483:INFO:Defining folds
2022-05-29 08:52:53,483:INFO:Declaring metric variables
2022-05-29 08:52:53,496:INFO:Importing untrained model
2022-05-29 08:52:53,508:INFO:Extreme Gradient Boosting Imported succesfully
2022-05-29 08:52:53,527:INFO:Starting cross validation
2022-05-29 08:52:53,528:INFO:Cross validating with StratifiedKFold(n_splits=10, random_state=None, shuffle=False), n_jobs=-1
2022-05-29 09:30:34,741:INFO:Calculating mean and std
2022-05-29 09:30:34,744:INFO:Creating metrics dataframe
2022-05-29 09:30:34,787:INFO:Uploading results into container
2022-05-29 09:30:34,788:INFO:Uploading model into container now
2022-05-29 09:30:34,788:INFO:create_model_container: 13
2022-05-29 09:30:34,788:INFO:master_model_container: 13
2022-05-29 09:30:34,788:INFO:display_container: 2
2022-05-29 09:30:34,789:INFO:XGBClassifier(base_score=None, booster='gbtree', colsample_bylevel=None,
              colsample_bynode=None, colsample_bytree=None,
              enable_categorical=False, gamma=None, gpu_id=None,
              importance_type=None, interaction_constraints=None,
              learning_rate=None, max_delta_step=None, max_depth=None,
              min_child_weight=None, missing=nan, monotone_constraints=None,
              n_estimators=100, n_jobs=-1, num_parallel_tree=None,
              objective='binary:logistic', predictor=None, random_state=123,
              reg_alpha=None, reg_lambda=None, scale_pos_weight=None,
              subsample=None, tree_method='auto', use_label_encoder=True,
              validate_parameters=None, verbosity=0)
2022-05-29 09:30:34,789:INFO:create_model() succesfully completed......................................
2022-05-29 09:30:34,908:INFO:SubProcess create_model() end ==================================
2022-05-29 09:30:34,908:INFO:Creating metrics dataframe
2022-05-29 09:30:34,939:INFO:Initializing Light Gradient Boosting Machine
2022-05-29 09:30:34,939:INFO:Total runtime is 47.28056275844574 minutes
2022-05-29 09:30:34,949:INFO:SubProcess create_model() called ==================================
2022-05-29 09:30:34,950:INFO:Initializing create_model()
2022-05-29 09:30:34,950:INFO:create_model(estimator=lightgbm, fold=StratifiedKFold(n_splits=10, random_state=None, shuffle=False), round=4, cross_validation=True, predict=True, fit_kwargs={}, groups=None, refit=False, verbose=False, system=False, metrics=None, experiment_custom_tags=None, add_to_model_list=True, probability_threshold=None, display=<pycaret.internal.Display.Display object at 0x7f8170223fd0>, return_train_score=False, kwargs={})
2022-05-29 09:30:34,950:INFO:Checking exceptions
2022-05-29 09:30:34,950:INFO:Importing libraries
2022-05-29 09:30:34,950:INFO:Copying training dataset
2022-05-29 09:30:34,952:INFO:Defining folds
2022-05-29 09:30:34,952:INFO:Declaring metric variables
2022-05-29 09:30:34,961:INFO:Importing untrained model
2022-05-29 09:30:34,971:INFO:Light Gradient Boosting Machine Imported succesfully
2022-05-29 09:30:34,987:INFO:Starting cross validation
2022-05-29 09:30:34,988:INFO:Cross validating with StratifiedKFold(n_splits=10, random_state=None, shuffle=False), n_jobs=-1
2022-05-29 09:30:58,390:INFO:Calculating mean and std
2022-05-29 09:30:58,395:INFO:Creating metrics dataframe
2022-05-29 09:30:58,443:INFO:Uploading results into container
2022-05-29 09:30:58,443:INFO:Uploading model into container now
2022-05-29 09:30:58,443:INFO:create_model_container: 14
2022-05-29 09:30:58,443:INFO:master_model_container: 14
2022-05-29 09:30:58,443:INFO:display_container: 2
2022-05-29 09:30:58,444:INFO:LGBMClassifier(boosting_type='gbdt', class_weight=None, colsample_bytree=1.0,
               importance_type='split', learning_rate=0.1, max_depth=-1,
               min_child_samples=20, min_child_weight=0.001, min_split_gain=0.0,
               n_estimators=100, n_jobs=-1, num_leaves=31, objective=None,
               random_state=123, reg_alpha=0.0, reg_lambda=0.0, silent='warn',
               subsample=1.0, subsample_for_bin=200000, subsample_freq=0)
2022-05-29 09:30:58,444:INFO:create_model() succesfully completed......................................
2022-05-29 09:30:58,581:INFO:SubProcess create_model() end ==================================
2022-05-29 09:30:58,581:INFO:Creating metrics dataframe
2022-05-29 09:30:58,614:INFO:Initializing CatBoost Classifier
2022-05-29 09:30:58,614:INFO:Total runtime is 47.67513429721196 minutes
2022-05-29 09:30:58,622:INFO:SubProcess create_model() called ==================================
2022-05-29 09:30:58,622:INFO:Initializing create_model()
2022-05-29 09:30:58,622:INFO:create_model(estimator=catboost, fold=StratifiedKFold(n_splits=10, random_state=None, shuffle=False), round=4, cross_validation=True, predict=True, fit_kwargs={}, groups=None, refit=False, verbose=False, system=False, metrics=None, experiment_custom_tags=None, add_to_model_list=True, probability_threshold=None, display=<pycaret.internal.Display.Display object at 0x7f8170223fd0>, return_train_score=False, kwargs={})
2022-05-29 09:30:58,622:INFO:Checking exceptions
2022-05-29 09:30:58,623:INFO:Importing libraries
2022-05-29 09:30:58,623:INFO:Copying training dataset
2022-05-29 09:30:58,624:INFO:Defining folds
2022-05-29 09:30:58,624:INFO:Declaring metric variables
2022-05-29 09:30:58,633:INFO:Importing untrained model
2022-05-29 09:30:58,645:INFO:CatBoost Classifier Imported succesfully
2022-05-29 09:30:58,662:INFO:Starting cross validation
2022-05-29 09:30:58,669:INFO:Cross validating with StratifiedKFold(n_splits=10, random_state=None, shuffle=False), n_jobs=-1
2022-05-29 09:38:07,307:INFO:Calculating mean and std
2022-05-29 09:38:07,311:INFO:Creating metrics dataframe
2022-05-29 09:38:07,365:INFO:Uploading results into container
2022-05-29 09:38:07,366:INFO:Uploading model into container now
2022-05-29 09:38:07,366:INFO:create_model_container: 15
2022-05-29 09:38:07,366:INFO:master_model_container: 15
2022-05-29 09:38:07,366:INFO:display_container: 2
2022-05-29 09:38:07,366:INFO:<catboost.core.CatBoostClassifier object at 0x7f81619c4460>
2022-05-29 09:38:07,367:INFO:create_model() succesfully completed......................................
2022-05-29 09:38:07,500:INFO:SubProcess create_model() end ==================================
2022-05-29 09:38:07,500:INFO:Creating metrics dataframe
2022-05-29 09:38:07,536:INFO:Initializing Dummy Classifier
2022-05-29 09:38:07,536:INFO:Total runtime is 54.82384215593338 minutes
2022-05-29 09:38:07,545:INFO:SubProcess create_model() called ==================================
2022-05-29 09:38:07,545:INFO:Initializing create_model()
2022-05-29 09:38:07,545:INFO:create_model(estimator=dummy, fold=StratifiedKFold(n_splits=10, random_state=None, shuffle=False), round=4, cross_validation=True, predict=True, fit_kwargs={}, groups=None, refit=False, verbose=False, system=False, metrics=None, experiment_custom_tags=None, add_to_model_list=True, probability_threshold=None, display=<pycaret.internal.Display.Display object at 0x7f8170223fd0>, return_train_score=False, kwargs={})
2022-05-29 09:38:07,545:INFO:Checking exceptions
2022-05-29 09:38:07,545:INFO:Importing libraries
2022-05-29 09:38:07,545:INFO:Copying training dataset
2022-05-29 09:38:07,547:INFO:Defining folds
2022-05-29 09:38:07,547:INFO:Declaring metric variables
2022-05-29 09:38:07,558:INFO:Importing untrained model
2022-05-29 09:38:07,568:INFO:Dummy Classifier Imported succesfully
2022-05-29 09:38:07,586:INFO:Starting cross validation
2022-05-29 09:38:07,587:INFO:Cross validating with StratifiedKFold(n_splits=10, random_state=None, shuffle=False), n_jobs=-1
2022-05-29 09:38:07,835:INFO:Calculating mean and std
2022-05-29 09:38:07,838:INFO:Creating metrics dataframe
2022-05-29 09:38:07,883:INFO:Uploading results into container
2022-05-29 09:38:07,883:INFO:Uploading model into container now
2022-05-29 09:38:07,883:INFO:create_model_container: 16
2022-05-29 09:38:07,884:INFO:master_model_container: 16
2022-05-29 09:38:07,884:INFO:display_container: 2
2022-05-29 09:38:07,884:INFO:DummyClassifier(constant=None, random_state=123, strategy='prior')
2022-05-29 09:38:07,884:INFO:create_model() succesfully completed......................................
2022-05-29 09:38:08,000:INFO:SubProcess create_model() end ==================================
2022-05-29 09:38:08,000:INFO:Creating metrics dataframe
2022-05-29 09:38:08,052:INFO:Initializing create_model()
2022-05-29 09:38:08,052:INFO:create_model(estimator=ExtraTreesClassifier(bootstrap=False, ccp_alpha=0.0, class_weight=None,
                     criterion='gini', max_depth=None, max_features='auto',
                     max_leaf_nodes=None, max_samples=None,
                     min_impurity_decrease=0.0, min_impurity_split=None,
                     min_samples_leaf=1, min_samples_split=2,
                     min_weight_fraction_leaf=0.0, n_estimators=100, n_jobs=-1,
                     oob_score=False, random_state=123, verbose=0,
                     warm_start=False), fold=StratifiedKFold(n_splits=10, random_state=None, shuffle=False), round=4, cross_validation=False, predict=False, fit_kwargs={}, groups=None, refit=True, verbose=False, system=False, metrics=None, experiment_custom_tags=None, add_to_model_list=True, probability_threshold=None, display=None, return_train_score=False, kwargs={})
2022-05-29 09:38:08,052:INFO:Checking exceptions
2022-05-29 09:38:08,053:INFO:Importing libraries
2022-05-29 09:38:08,053:INFO:Copying training dataset
2022-05-29 09:38:08,053:INFO:Defining folds
2022-05-29 09:38:08,053:INFO:Declaring metric variables
2022-05-29 09:38:08,053:INFO:Importing untrained model
2022-05-29 09:38:08,053:INFO:Declaring custom model
2022-05-29 09:38:08,054:INFO:Extra Trees Classifier Imported succesfully
2022-05-29 09:38:08,055:INFO:Cross validation set to False
2022-05-29 09:38:08,055:INFO:Fitting Model
2022-05-29 09:38:08,899:INFO:ExtraTreesClassifier(bootstrap=False, ccp_alpha=0.0, class_weight=None,
                     criterion='gini', max_depth=None, max_features='auto',
                     max_leaf_nodes=None, max_samples=None,
                     min_impurity_decrease=0.0, min_impurity_split=None,
                     min_samples_leaf=1, min_samples_split=2,
                     min_weight_fraction_leaf=0.0, n_estimators=100, n_jobs=-1,
                     oob_score=False, random_state=123, verbose=0,
                     warm_start=False)
2022-05-29 09:38:08,899:INFO:create_models() succesfully completed......................................
2022-05-29 09:38:09,052:INFO:create_model_container: 16
2022-05-29 09:38:09,052:INFO:master_model_container: 16
2022-05-29 09:38:09,052:INFO:display_container: 2
2022-05-29 09:38:09,053:INFO:ExtraTreesClassifier(bootstrap=False, ccp_alpha=0.0, class_weight=None,
                     criterion='gini', max_depth=None, max_features='auto',
                     max_leaf_nodes=None, max_samples=None,
                     min_impurity_decrease=0.0, min_impurity_split=None,
                     min_samples_leaf=1, min_samples_split=2,
                     min_weight_fraction_leaf=0.0, n_estimators=100, n_jobs=-1,
                     oob_score=False, random_state=123, verbose=0,
                     warm_start=False)
2022-05-29 09:38:09,053:INFO:compare_models() succesfully completed......................................
2022-05-29 10:16:32,343:INFO:Initializing create_model()
2022-05-29 10:16:32,343:INFO:create_model(estimator=et, fold=None, round=4, cross_validation=True, predict=True, fit_kwargs=None, groups=None, refit=True, verbose=True, system=True, metrics=None, experiment_custom_tags=None, add_to_model_list=True, probability_threshold=None, display=None, return_train_score=False, kwargs={})
2022-05-29 10:16:32,343:INFO:Checking exceptions
2022-05-29 10:16:32,344:INFO:Preparing display monitor
2022-05-29 10:16:32,369:INFO:Importing libraries
2022-05-29 10:16:32,370:INFO:Copying training dataset
2022-05-29 10:16:32,371:INFO:Defining folds
2022-05-29 10:16:32,371:INFO:Declaring metric variables
2022-05-29 10:16:32,379:INFO:Importing untrained model
2022-05-29 10:16:32,387:INFO:Extra Trees Classifier Imported succesfully
2022-05-29 10:16:32,405:INFO:Starting cross validation
2022-05-29 10:16:32,405:INFO:Cross validating with StratifiedKFold(n_splits=10, random_state=None, shuffle=False), n_jobs=-1
2022-05-29 10:16:49,126:INFO:Calculating mean and std
2022-05-29 10:16:49,127:INFO:Creating metrics dataframe
2022-05-29 10:16:49,138:INFO:Finalizing model
2022-05-29 10:16:50,138:INFO:Uploading results into container
2022-05-29 10:16:50,138:INFO:Uploading model into container now
2022-05-29 10:16:50,147:INFO:create_model_container: 17
2022-05-29 10:16:50,147:INFO:master_model_container: 17
2022-05-29 10:16:50,147:INFO:display_container: 3
2022-05-29 10:16:50,148:INFO:ExtraTreesClassifier(bootstrap=False, ccp_alpha=0.0, class_weight=None,
                     criterion='gini', max_depth=None, max_features='auto',
                     max_leaf_nodes=None, max_samples=None,
                     min_impurity_decrease=0.0, min_impurity_split=None,
                     min_samples_leaf=1, min_samples_split=2,
                     min_weight_fraction_leaf=0.0, n_estimators=100, n_jobs=-1,
                     oob_score=False, random_state=123, verbose=0,
                     warm_start=False)
2022-05-29 10:16:50,148:INFO:create_model() succesfully completed......................................
2022-05-29 10:17:03,416:INFO:Initializing tune_model()
2022-05-29 10:17:03,416:INFO:tune_model(estimator=ExtraTreesClassifier(bootstrap=False, ccp_alpha=0.0, class_weight=None,
                     criterion='gini', max_depth=None, max_features='auto',
                     max_leaf_nodes=None, max_samples=None,
                     min_impurity_decrease=0.0, min_impurity_split=None,
                     min_samples_leaf=1, min_samples_split=2,
                     min_weight_fraction_leaf=0.0, n_estimators=100, n_jobs=-1,
                     oob_score=False, random_state=123, verbose=0,
                     warm_start=False), fold=None, round=4, n_iter=10, custom_grid=None, optimize=Accuracy, custom_scorer=None, search_library=scikit-learn, search_algorithm=None, early_stopping=False, early_stopping_max_iters=10, choose_better=False, fit_kwargs=None, groups=None, return_tuner=False, verbose=True, tuner_verbose=True, display=None, return_train_score=False, kwargs={})
2022-05-29 10:17:03,417:INFO:Checking exceptions
2022-05-29 10:17:03,419:INFO:Preparing display monitor
2022-05-29 10:17:03,450:INFO:Copying training dataset
2022-05-29 10:17:03,452:INFO:Checking base model
2022-05-29 10:17:03,452:INFO:Base model : Extra Trees Classifier
2022-05-29 10:17:03,464:INFO:Declaring metric variables
2022-05-29 10:17:03,476:INFO:Defining Hyperparameters
2022-05-29 10:17:03,644:INFO:Tuning with n_jobs=-1
2022-05-29 10:17:03,644:INFO:Initializing RandomizedSearchCV
2022-05-29 10:18:09,526:INFO:best_params: {'actual_estimator__n_estimators': 200, 'actual_estimator__min_samples_split': 7, 'actual_estimator__min_samples_leaf': 4, 'actual_estimator__min_impurity_decrease': 0, 'actual_estimator__max_features': 1.0, 'actual_estimator__max_depth': 6, 'actual_estimator__criterion': 'gini', 'actual_estimator__class_weight': 'balanced_subsample', 'actual_estimator__bootstrap': False}
2022-05-29 10:18:09,527:INFO:Hyperparameter search completed
2022-05-29 10:18:09,527:INFO:SubProcess create_model() called ==================================
2022-05-29 10:18:09,527:INFO:Initializing create_model()
2022-05-29 10:18:09,528:INFO:create_model(estimator=ExtraTreesClassifier(bootstrap=False, ccp_alpha=0.0, class_weight=None,
                     criterion='gini', max_depth=None, max_features='auto',
                     max_leaf_nodes=None, max_samples=None,
                     min_impurity_decrease=0.0, min_impurity_split=None,
                     min_samples_leaf=1, min_samples_split=2,
                     min_weight_fraction_leaf=0.0, n_estimators=100, n_jobs=-1,
                     oob_score=False, random_state=123, verbose=0,
                     warm_start=False), fold=StratifiedKFold(n_splits=10, random_state=None, shuffle=False), round=4, cross_validation=True, predict=True, fit_kwargs={}, groups=None, refit=True, verbose=True, system=False, metrics=None, experiment_custom_tags=None, add_to_model_list=True, probability_threshold=None, display=<pycaret.internal.Display.Display object at 0x7f8160ad50d0>, return_train_score=False, kwargs={'n_estimators': 200, 'min_samples_split': 7, 'min_samples_leaf': 4, 'min_impurity_decrease': 0, 'max_features': 1.0, 'max_depth': 6, 'criterion': 'gini', 'class_weight': 'balanced_subsample', 'bootstrap': False})
2022-05-29 10:18:09,528:INFO:Checking exceptions
2022-05-29 10:18:09,528:INFO:Importing libraries
2022-05-29 10:18:09,528:INFO:Copying training dataset
2022-05-29 10:18:09,529:INFO:Defining folds
2022-05-29 10:18:09,529:INFO:Declaring metric variables
2022-05-29 10:18:09,541:INFO:Importing untrained model
2022-05-29 10:18:09,541:INFO:Declaring custom model
2022-05-29 10:18:09,553:INFO:Extra Trees Classifier Imported succesfully
2022-05-29 10:18:09,577:INFO:Starting cross validation
2022-05-29 10:18:09,578:INFO:Cross validating with StratifiedKFold(n_splits=10, random_state=None, shuffle=False), n_jobs=-1
2022-05-29 10:18:29,289:INFO:Calculating mean and std
2022-05-29 10:18:29,292:INFO:Creating metrics dataframe
2022-05-29 10:18:29,321:INFO:Finalizing model
2022-05-29 10:18:31,268:INFO:Uploading results into container
2022-05-29 10:18:31,269:INFO:Uploading model into container now
2022-05-29 10:18:31,269:INFO:create_model_container: 18
2022-05-29 10:18:31,269:INFO:master_model_container: 18
2022-05-29 10:18:31,269:INFO:display_container: 4
2022-05-29 10:18:31,270:INFO:ExtraTreesClassifier(bootstrap=False, ccp_alpha=0.0,
                     class_weight='balanced_subsample', criterion='gini',
                     max_depth=6, max_features=1.0, max_leaf_nodes=None,
                     max_samples=None, min_impurity_decrease=0,
                     min_impurity_split=None, min_samples_leaf=4,
                     min_samples_split=7, min_weight_fraction_leaf=0.0,
                     n_estimators=200, n_jobs=-1, oob_score=False,
                     random_state=123, verbose=0, warm_start=False)
2022-05-29 10:18:31,270:INFO:create_model() succesfully completed......................................
2022-05-29 10:18:31,428:INFO:SubProcess create_model() end ==================================
2022-05-29 10:18:31,457:INFO:create_model_container: 18
2022-05-29 10:18:31,457:INFO:master_model_container: 18
2022-05-29 10:18:31,457:INFO:display_container: 4
2022-05-29 10:18:31,458:INFO:ExtraTreesClassifier(bootstrap=False, ccp_alpha=0.0,
                     class_weight='balanced_subsample', criterion='gini',
                     max_depth=6, max_features=1.0, max_leaf_nodes=None,
                     max_samples=None, min_impurity_decrease=0,
                     min_impurity_split=None, min_samples_leaf=4,
                     min_samples_split=7, min_weight_fraction_leaf=0.0,
                     n_estimators=200, n_jobs=-1, oob_score=False,
                     random_state=123, verbose=0, warm_start=False)
2022-05-29 10:18:31,458:INFO:tune_model() succesfully completed......................................
2022-05-29 10:19:02,716:INFO:Initializing predict_model()
2022-05-29 10:19:02,717:INFO:predict_model(estimator=ExtraTreesClassifier(bootstrap=False, ccp_alpha=0.0, class_weight=None,
                     criterion='gini', max_depth=None, max_features='auto',
                     max_leaf_nodes=None, max_samples=None,
                     min_impurity_decrease=0.0, min_impurity_split=None,
                     min_samples_leaf=1, min_samples_split=2,
                     min_weight_fraction_leaf=0.0, n_estimators=100, n_jobs=-1,
                     oob_score=False, random_state=123, verbose=0,
                     warm_start=False), probability_threshold=None, encoded_labels=False, drift_report=False, raw_score=False, round=4, verbose=True, ml_usecase=MLUsecase.CLASSIFICATION, display=None, drift_kwargs=None)
2022-05-29 10:19:02,717:INFO:Checking exceptions
2022-05-29 10:19:02,717:INFO:Preloading libraries
2022-05-29 10:19:02,717:INFO:Preparing display monitor
2022-05-29 10:19:16,199:INFO:Initializing predict_model()
2022-05-29 10:19:16,199:INFO:predict_model(estimator=ExtraTreesClassifier(bootstrap=False, ccp_alpha=0.0,
                     class_weight='balanced_subsample', criterion='gini',
                     max_depth=6, max_features=1.0, max_leaf_nodes=None,
                     max_samples=None, min_impurity_decrease=0,
                     min_impurity_split=None, min_samples_leaf=4,
                     min_samples_split=7, min_weight_fraction_leaf=0.0,
                     n_estimators=200, n_jobs=-1, oob_score=False,
                     random_state=123, verbose=0, warm_start=False), probability_threshold=None, encoded_labels=False, drift_report=False, raw_score=False, round=4, verbose=True, ml_usecase=MLUsecase.CLASSIFICATION, display=None, drift_kwargs=None)
2022-05-29 10:19:16,200:INFO:Checking exceptions
2022-05-29 10:19:16,200:INFO:Preloading libraries
2022-05-29 10:19:16,200:INFO:Preparing display monitor
2022-05-29 10:29:07,099:INFO:Initializing plot_model()
2022-05-29 10:29:07,100:INFO:plot_model(fold=None, use_train_data=False, verbose=True, is_in_evaluate=False, display=None, display_format=None, estimator=ExtraTreesClassifier(bootstrap=False, ccp_alpha=0.0, class_weight=None,
                     criterion='gini', max_depth=None, max_features='auto',
                     max_leaf_nodes=None, max_samples=None,
                     min_impurity_decrease=0.0, min_impurity_split=None,
                     min_samples_leaf=1, min_samples_split=2,
                     min_weight_fraction_leaf=0.0, n_estimators=100, n_jobs=-1,
                     oob_score=False, random_state=123, verbose=0,
                     warm_start=False), feature_name=None, fit_kwargs=None, groups=None, label=False, plot=confusion_matrix, plot_kwargs=None, save=False, scale=1, system=True)
2022-05-29 10:29:07,100:INFO:Checking exceptions
2022-05-29 10:29:07,131:INFO:Preparing display monitor
2022-05-29 10:29:07,139:INFO:Preloading libraries
2022-05-29 10:29:07,311:INFO:Copying training dataset
2022-05-29 10:29:07,312:INFO:Copying test dataset
2022-05-29 10:29:07,313:INFO:Plot type: confusion_matrix
2022-05-29 10:29:07,362:INFO:Initializing get_config()
2022-05-29 10:29:07,362:INFO:get_config(variable=prep_pipe)
2022-05-29 10:29:07,368:INFO:Global variable: prep_pipe returned as Pipeline(memory=None,
         steps=[('dtypes',
                 DataTypes_Auto_infer(categorical_features=[],
                                      display_types=True, features_todrop=[],
                                      id_columns=[],
                                      ml_usecase='classification',
                                      numerical_features=[], target='y',
                                      time_features=[])),
                ('imputer',
                 Simple_Imputer(categorical_strategy='not_available',
                                fill_value_categorical=None,
                                fill_value_numerical=None,
                                numeric_strategy='...
                ('scaling', 'passthrough'), ('P_transform', 'passthrough'),
                ('binn', 'passthrough'), ('rem_outliers', 'passthrough'),
                ('cluster_all', 'passthrough'), ('dummy', Dummify(target='y')),
                ('fix_perfect', Remove_100(target='y')),
                ('clean_names', Clean_Colum_Names()),
                ('feature_select', 'passthrough'), ('fix_multi', 'passthrough'),
                ('dfs', 'passthrough'), ('pca', 'passthrough')],
         verbose=False)
2022-05-29 10:29:07,368:INFO:get_config() succesfully completed......................................
2022-05-29 10:29:07,393:INFO:Fitting Model
2022-05-29 10:29:07,395:INFO:Scoring test/hold-out set
2022-05-29 10:29:08,401:INFO:Visual Rendered Successfully
2022-05-29 10:29:08,579:INFO:plot_model() succesfully completed......................................
2022-05-29 10:30:52,321:INFO:Initializing plot_model()
2022-05-29 10:30:52,322:INFO:plot_model(fold=None, use_train_data=False, verbose=True, is_in_evaluate=False, display=None, display_format=None, estimator=ExtraTreesClassifier(bootstrap=False, ccp_alpha=0.0, class_weight=None,
                     criterion='gini', max_depth=None, max_features='auto',
                     max_leaf_nodes=None, max_samples=None,
                     min_impurity_decrease=0.0, min_impurity_split=None,
                     min_samples_leaf=1, min_samples_split=2,
                     min_weight_fraction_leaf=0.0, n_estimators=100, n_jobs=-1,
                     oob_score=False, random_state=123, verbose=0,
                     warm_start=False), feature_name=None, fit_kwargs=None, groups=None, label=False, plot=class_report, plot_kwargs=None, save=False, scale=1, system=True)
2022-05-29 10:30:52,322:INFO:Checking exceptions
2022-05-29 10:30:52,351:INFO:Preparing display monitor
2022-05-29 10:30:52,360:INFO:Preloading libraries
2022-05-29 10:30:52,438:INFO:Copying training dataset
2022-05-29 10:30:52,440:INFO:Copying test dataset
2022-05-29 10:30:52,441:INFO:Plot type: class_report
2022-05-29 10:30:52,491:INFO:Initializing get_config()
2022-05-29 10:30:52,492:INFO:get_config(variable=prep_pipe)
2022-05-29 10:30:52,497:INFO:Global variable: prep_pipe returned as Pipeline(memory=None,
         steps=[('dtypes',
                 DataTypes_Auto_infer(categorical_features=[],
                                      display_types=True, features_todrop=[],
                                      id_columns=[],
                                      ml_usecase='classification',
                                      numerical_features=[], target='y',
                                      time_features=[])),
                ('imputer',
                 Simple_Imputer(categorical_strategy='not_available',
                                fill_value_categorical=None,
                                fill_value_numerical=None,
                                numeric_strategy='...
                ('scaling', 'passthrough'), ('P_transform', 'passthrough'),
                ('binn', 'passthrough'), ('rem_outliers', 'passthrough'),
                ('cluster_all', 'passthrough'), ('dummy', Dummify(target='y')),
                ('fix_perfect', Remove_100(target='y')),
                ('clean_names', Clean_Colum_Names()),
                ('feature_select', 'passthrough'), ('fix_multi', 'passthrough'),
                ('dfs', 'passthrough'), ('pca', 'passthrough')],
         verbose=False)
2022-05-29 10:30:52,497:INFO:get_config() succesfully completed......................................
2022-05-29 10:30:52,513:INFO:Fitting Model
2022-05-29 10:30:52,515:INFO:Scoring test/hold-out set
2022-05-29 10:30:53,198:INFO:Visual Rendered Successfully
2022-05-29 10:30:53,366:INFO:plot_model() succesfully completed......................................
2022-05-29 10:31:37,253:INFO:Initializing plot_model()
2022-05-29 10:31:37,255:INFO:plot_model(fold=None, use_train_data=False, verbose=True, is_in_evaluate=False, display=None, display_format=None, estimator=ExtraTreesClassifier(bootstrap=False, ccp_alpha=0.0, class_weight=None,
                     criterion='gini', max_depth=None, max_features='auto',
                     max_leaf_nodes=None, max_samples=None,
                     min_impurity_decrease=0.0, min_impurity_split=None,
                     min_samples_leaf=1, min_samples_split=2,
                     min_weight_fraction_leaf=0.0, n_estimators=100, n_jobs=-1,
                     oob_score=False, random_state=123, verbose=0,
                     warm_start=False), feature_name=None, fit_kwargs=None, groups=None, label=False, plot=boundary, plot_kwargs=None, save=False, scale=1, system=True)
2022-05-29 10:31:37,255:INFO:Checking exceptions
2022-05-29 10:31:37,281:INFO:Preparing display monitor
2022-05-29 10:31:37,289:INFO:Preloading libraries
2022-05-29 10:31:37,375:INFO:Copying training dataset
2022-05-29 10:31:37,377:INFO:Copying test dataset
2022-05-29 10:31:37,378:INFO:Plot type: boundary
2022-05-29 10:31:37,435:INFO:Fitting StandardScaler()
2022-05-29 10:31:37,459:INFO:Fitting PCA()
2022-05-29 10:31:37,650:INFO:Initializing get_config()
2022-05-29 10:31:37,652:INFO:get_config(variable=prep_pipe)
2022-05-29 10:31:37,665:INFO:Global variable: prep_pipe returned as Pipeline(memory=None,
         steps=[('dtypes',
                 DataTypes_Auto_infer(categorical_features=[],
                                      display_types=True, features_todrop=[],
                                      id_columns=[],
                                      ml_usecase='classification',
                                      numerical_features=[], target='y',
                                      time_features=[])),
                ('imputer',
                 Simple_Imputer(categorical_strategy='not_available',
                                fill_value_categorical=None,
                                fill_value_numerical=None,
                                numeric_strategy='...
                ('scaling', 'passthrough'), ('P_transform', 'passthrough'),
                ('binn', 'passthrough'), ('rem_outliers', 'passthrough'),
                ('cluster_all', 'passthrough'), ('dummy', Dummify(target='y')),
                ('fix_perfect', Remove_100(target='y')),
                ('clean_names', Clean_Colum_Names()),
                ('feature_select', 'passthrough'), ('fix_multi', 'passthrough'),
                ('dfs', 'passthrough'), ('pca', 'passthrough')],
         verbose=False)
2022-05-29 10:31:37,668:INFO:get_config() succesfully completed......................................
2022-05-29 10:31:37,727:INFO:Fitting Model
2022-05-29 10:31:42,700:INFO:Visual Rendered Successfully
2022-05-29 10:31:42,951:INFO:plot_model() succesfully completed......................................
2022-05-29 10:32:03,682:INFO:Initializing plot_model()
2022-05-29 10:32:03,684:INFO:plot_model(fold=None, use_train_data=False, verbose=True, is_in_evaluate=False, display=None, display_format=None, estimator=ExtraTreesClassifier(bootstrap=False, ccp_alpha=0.0, class_weight=None,
                     criterion='gini', max_depth=None, max_features='auto',
                     max_leaf_nodes=None, max_samples=None,
                     min_impurity_decrease=0.0, min_impurity_split=None,
                     min_samples_leaf=1, min_samples_split=2,
                     min_weight_fraction_leaf=0.0, n_estimators=100, n_jobs=-1,
                     oob_score=False, random_state=123, verbose=0,
                     warm_start=False), feature_name=None, fit_kwargs=None, groups=None, label=False, plot=error, plot_kwargs=None, save=False, scale=1, system=True)
2022-05-29 10:32:03,684:INFO:Checking exceptions
2022-05-29 10:32:03,715:INFO:Preparing display monitor
2022-05-29 10:32:03,722:INFO:Preloading libraries
2022-05-29 10:32:03,800:INFO:Copying training dataset
2022-05-29 10:32:03,802:INFO:Copying test dataset
2022-05-29 10:32:03,802:INFO:Plot type: error
2022-05-29 10:32:03,857:INFO:Initializing get_config()
2022-05-29 10:32:03,857:INFO:get_config(variable=prep_pipe)
2022-05-29 10:32:03,863:INFO:Global variable: prep_pipe returned as Pipeline(memory=None,
         steps=[('dtypes',
                 DataTypes_Auto_infer(categorical_features=[],
                                      display_types=True, features_todrop=[],
                                      id_columns=[],
                                      ml_usecase='classification',
                                      numerical_features=[], target='y',
                                      time_features=[])),
                ('imputer',
                 Simple_Imputer(categorical_strategy='not_available',
                                fill_value_categorical=None,
                                fill_value_numerical=None,
                                numeric_strategy='...
                ('scaling', 'passthrough'), ('P_transform', 'passthrough'),
                ('binn', 'passthrough'), ('rem_outliers', 'passthrough'),
                ('cluster_all', 'passthrough'), ('dummy', Dummify(target='y')),
                ('fix_perfect', Remove_100(target='y')),
                ('clean_names', Clean_Colum_Names()),
                ('feature_select', 'passthrough'), ('fix_multi', 'passthrough'),
                ('dfs', 'passthrough'), ('pca', 'passthrough')],
         verbose=False)
2022-05-29 10:32:03,863:INFO:get_config() succesfully completed......................................
2022-05-29 10:32:03,879:INFO:Fitting Model
2022-05-29 10:32:03,882:INFO:Scoring test/hold-out set
2022-05-29 10:32:04,606:INFO:Visual Rendered Successfully
2022-05-29 10:32:04,779:INFO:plot_model() succesfully completed......................................
